Determining if the pthread_create exist failed with the following output:
Change Dir: /home/afilippow/Workspace/koa/build/CMakeFiles/CMakeTmp

Run Build Command:/usr/bin/make "cmTryCompileExec940316479/fast"
make[1]: Entering directory `/home/afilippow/Workspace/koa/build/CMakeFiles/CMakeTmp'
/usr/bin/make -f CMakeFiles/cmTryCompileExec940316479.dir/build.make CMakeFiles/cmTryCompileExec940316479.dir/build
make[2]: Entering directory `/home/afilippow/Workspace/koa/build/CMakeFiles/CMakeTmp'
/usr/bin/cmake -E cmake_progress_report /home/afilippow/Workspace/koa/build/CMakeFiles/CMakeTmp/CMakeFiles 1
Building C object CMakeFiles/cmTryCompileExec940316479.dir/CheckSymbolExists.c.o
/usr/bin/cc    -o CMakeFiles/cmTryCompileExec940316479.dir/CheckSymbolExists.c.o   -c /home/afilippow/Workspace/koa/build/CMakeFiles/CMakeTmp/CheckSymbolExists.c
Linking C executable cmTryCompileExec940316479
/usr/bin/cmake -E cmake_link_script CMakeFiles/cmTryCompileExec940316479.dir/link.txt --verbose=1
/usr/bin/cc         CMakeFiles/cmTryCompileExec940316479.dir/CheckSymbolExists.c.o  -o cmTryCompileExec940316479 -rdynamic 
CMakeFiles/cmTryCompileExec940316479.dir/CheckSymbolExists.c.o: In function `main':
CheckSymbolExists.c:(.text+0x16): undefined reference to `pthread_create'
collect2: error: ld returned 1 exit status
make[2]: *** [cmTryCompileExec940316479] Error 1
make[2]: Leaving directory `/home/afilippow/Workspace/koa/build/CMakeFiles/CMakeTmp'
make[1]: *** [cmTryCompileExec940316479/fast] Error 2
make[1]: Leaving directory `/home/afilippow/Workspace/koa/build/CMakeFiles/CMakeTmp'

File /home/afilippow/Workspace/koa/build/CMakeFiles/CMakeTmp/CheckSymbolExists.c:
/* */
#include <pthread.h>

int main(int argc, char** argv)
{
  (void)argv;
#ifndef pthread_create
  return ((int*)(&pthread_create))[argc];
#else
  (void)argc;
  return 0;
#endif
}

Determining if the function pthread_create exists in the pthreads failed with the following output:
Change Dir: /home/afilippow/Workspace/koa/build/CMakeFiles/CMakeTmp

Run Build Command:/usr/bin/make "cmTryCompileExec52221218/fast"
make[1]: Entering directory `/home/afilippow/Workspace/koa/build/CMakeFiles/CMakeTmp'
/usr/bin/make -f CMakeFiles/cmTryCompileExec52221218.dir/build.make CMakeFiles/cmTryCompileExec52221218.dir/build
make[2]: Entering directory `/home/afilippow/Workspace/koa/build/CMakeFiles/CMakeTmp'
/usr/bin/cmake -E cmake_progress_report /home/afilippow/Workspace/koa/build/CMakeFiles/CMakeTmp/CMakeFiles 1
Building C object CMakeFiles/cmTryCompileExec52221218.dir/CheckFunctionExists.c.o
/usr/bin/cc   -DCHECK_FUNCTION_EXISTS=pthread_create   -o CMakeFiles/cmTryCompileExec52221218.dir/CheckFunctionExists.c.o   -c /usr/share/cmake-2.8/Modules/CheckFunctionExists.c
Linking C executable cmTryCompileExec52221218
/usr/bin/cmake -E cmake_link_script CMakeFiles/cmTryCompileExec52221218.dir/link.txt --verbose=1
/usr/bin/cc     -DCHECK_FUNCTION_EXISTS=pthread_create    CMakeFiles/cmTryCompileExec52221218.dir/CheckFunctionExists.c.o  -o cmTryCompileExec52221218 -rdynamic -lpthreads 
/usr/bin/ld: cannot find -lpthreads
collect2: error: ld returned 1 exit status
make[2]: *** [cmTryCompileExec52221218] Error 1
make[2]: Leaving directory `/home/afilippow/Workspace/koa/build/CMakeFiles/CMakeTmp'
make[1]: *** [cmTryCompileExec52221218/fast] Error 2
make[1]: Leaving directory `/home/afilippow/Workspace/koa/build/CMakeFiles/CMakeTmp'


